#          date               total        used        free      shared  buff/cache   available 
Sep 23 01:53:44 Mem:         257844      242762        1866           0       13215       12998
Sep 23 01:53:45 Mem:         257844      242764        1865           0       13215       12997
Sep 23 01:53:46 Mem:         257844      242765        1864           0       13215       12996
Sep 23 01:53:47 Mem:         257844      242766        1862           0       13215       12995
Sep 23 01:53:48 Mem:         257844      242767        1861           0       13215       12993
Sep 23 01:53:49 Mem:         257844      242768        1860           0       13215       12993
Sep 23 01:53:50 Mem:         257844      242768        1860           0       13215       12993
Sep 23 01:53:51 Mem:         257844      242768        1860           0       13215       12993
Sep 23 01:53:52 Mem:         257844      242769        1859           0       13215       12991
Sep 23 01:53:53 Mem:         257844      242770        1858           0       13215       12991
Sep 23 01:53:54 Mem:         257844      242769        1859           0       13215       12991
Sep 23 01:53:56 Mem:         257844      242770        1858           0       13215       12990
Sep 23 01:53:57 Mem:         257844      242769        1859           0       13215       12991
Sep 23 01:53:58 Mem:         257844      242770        1858           0       13215       12991
Sep 23 01:53:59 Mem:         257844      242772        1856           0       13215       12989
Sep 23 01:54:00 Mem:         257844      242773        1856           0       13215       12988
Sep 23 01:54:01 Mem:         257844      242773        1855           0       13215       12987
Sep 23 01:54:02 Mem:         257844      242773        1855           0       13215       12987
Sep 23 01:54:03 Mem:         257844      242782        1846           0       13215       12979
Sep 23 01:54:04 Mem:         257844      242783        1846           0       13215       12978
Sep 23 01:54:05 Mem:         257844      242783        1845           0       13215       12978
Sep 23 01:54:06 Mem:         257844      242784        1844           0       13215       12977
Sep 23 01:54:07 Mem:         257844      242786        1842           0       13215       12974
Sep 23 01:54:08 Mem:         257844      242788        1841           0       13215       12973
Sep 23 01:54:09 Mem:         257844      242789        1839           0       13215       12972
Sep 23 01:54:10 Mem:         257844      242791        1837           0       13215       12970
Sep 23 01:54:11 Mem:         257844      242794        1834           0       13215       12966
Sep 23 01:54:12 Mem:         257844      242799        1829           0       13215       12962
Sep 23 01:54:13 Mem:         257844      242801        1827           0       13215       12960
Sep 23 01:54:14 Mem:         257844      242801        1827           0       13215       12959
Sep 23 01:54:15 Mem:         257844      242802        1826           0       13215       12959
Sep 23 01:54:16 Mem:         257844      242802        1826           0       13215       12959
Sep 23 01:54:18 Mem:         257844      242802        1826           0       13215       12958
Sep 23 01:54:19 Mem:         257844      242802        1826           0       13215       12959
Sep 23 01:54:20 Mem:         257844      242803        1825           0       13215       12957
Sep 23 01:54:21 Mem:         257844      242804        1824           0       13215       12957
Sep 23 01:54:22 Mem:         257844      242804        1824           0       13215       12957
Sep 23 01:54:23 Mem:         257844      242805        1823           0       13215       12955
Sep 23 01:54:24 Mem:         257844      242805        1823           0       13215       12955
Sep 23 01:54:25 Mem:         257844      242805        1823           0       13215       12956
Sep 23 01:54:26 Mem:         257844      242806        1822           0       13215       12955
Sep 23 01:54:27 Mem:         257844      242807        1821           0       13215       12954
Sep 23 01:54:28 Mem:         257844      242807        1821           0       13215       12953
Sep 23 01:54:29 Mem:         257844      242809        1819           0       13215       12951
Sep 23 01:54:30 Mem:         257844      242809        1819           0       13215       12951
Sep 23 01:54:31 Mem:         257844      242810        1818           0       13215       12951
Sep 23 01:54:32 Mem:         257844      242810        1818           0       13215       12951
Sep 23 01:54:33 Mem:         257844      242811        1817           0       13215       12949
Sep 23 01:54:34 Mem:         257844      242809        1819           0       13215       12951
Sep 23 01:54:36 Mem:         257844      242809        1819           0       13215       12951
Sep 23 01:54:37 Mem:         257844      242810        1819           0       13215       12951
Sep 23 01:54:38 Mem:         257844      242810        1818           0       13215       12950
Sep 23 01:54:39 Mem:         257844      242811        1817           0       13215       12950
Sep 23 01:54:40 Mem:         257844      242812        1817           0       13215       12949
Sep 23 01:54:41 Mem:         257844      242811        1817           0       13215       12949
Sep 23 01:54:42 Mem:         257844      242814        1814           0       13215       12947
Sep 23 01:54:43 Mem:         257844      242815        1813           0       13215       12946
Sep 23 01:54:44 Mem:         257844      242815        1813           0       13215       12946
Sep 23 01:54:45 Mem:         257844      242815        1813           0       13215       12946
Sep 23 01:54:46 Mem:         257844      242815        1813           0       13215       12946
Sep 23 01:54:47 Mem:         257844      242817        1812           0       13215       12944
Sep 23 01:54:48 Mem:         257844      242816        1813           0       13215       12945
Sep 23 01:54:49 Mem:         257844      242816        1812           0       13215       12945
Sep 23 01:54:50 Mem:         257844      242816        1813           0       13215       12945
Sep 23 01:54:51 Mem:         257844      242817        1811           0       13215       12944
Sep 23 01:54:52 Mem:         257844      242817        1812           0       13215       12944
Sep 23 01:54:53 Mem:         257844      242816        1812           0       13215       12945
Sep 23 01:54:54 Mem:         257844      242817        1812           0       13215       12944
Sep 23 01:54:55 Mem:         257844      242817        1812           0       13215       12944
Sep 23 01:54:56 Mem:         257844      242818        1810           0       13215       12943
Sep 23 01:54:57 Mem:         257844      242819        1809           0       13215       12942
Sep 23 01:54:59 Mem:         257844      242819        1809           0       13215       12942
Sep 23 01:55:00 Mem:         257844      242819        1810           0       13215       12942
Sep 23 01:55:01 Mem:         257844      242819        1809           0       13215       12942
Sep 23 01:55:02 Mem:         257844      242807        1819           0       13218       12953
Sep 23 01:55:03 Mem:         257844      242836        1732           0       13275       12923
Sep 23 01:55:04 Mem:         257844      242805        1763           0       13275       12956
Sep 23 01:55:05 Mem:         257844      242807        1761           0       13275       12953
Sep 23 01:55:06 Mem:         257844      242810        1758           0       13275       12950
Sep 23 01:55:07 Mem:         257844      242815        1753           0       13275       12946
Sep 23 01:55:08 Mem:         257844      242818        1750           0       13275       12942
Sep 23 01:55:09 Mem:         257844      242841        1727           0       13275       12920
Sep 23 01:55:10 Mem:         257844      243223        1346           0       13275       12538
Sep 23 01:55:11 Mem:         257844      243515        1706           0       12622       12255
Sep 23 01:55:12 Mem:         257844      243662        1559           0       12622       12107
Sep 23 01:55:13 Mem:         257844      243663        1558           0       12622       12106
Sep 23 01:55:14 Mem:         257844      243669        1552           0       12622       12101
Sep 23 01:55:15 Mem:         257844      243688        1533           0       12622       12081
Sep 23 01:55:16 Mem:         257844      243695        1526           0       12622       12075
Sep 23 01:55:17 Mem:         257844      243723        1498           0       12622       12047
Sep 23 01:55:18 Mem:         257844      243880        1341           0       12622       11889
Sep 23 01:55:19 Mem:         257844      244034        1674           0       12135       11735
Sep 23 01:55:21 Mem:         257844      244224        1482           0       12136       11545
Sep 23 01:55:22 Mem:         257844      244442        1574           0       11827       11327
Sep 23 01:55:23 Mem:         257844      244681        1336           0       11826       11089
Sep 23 01:55:24 Mem:         257844      244918        1613           0       11312       10851
Sep 23 01:55:25 Mem:         257844      245150        1381           0       11312       10619
Sep 23 01:55:26 Mem:         257844      245407        1617           0       10820       10362
Sep 23 01:55:27 Mem:         257844      245642        1381           0       10820       10127
Sep 23 01:55:28 Mem:         257844      245995        1499           0       10350        9775
Sep 23 01:55:29 Mem:         257844      246365        1622           0        9857        9404
Sep 23 01:55:30 Mem:         257844      246429        1558           0        9857        9341
Sep 23 01:55:31 Mem:         257844      246513        1473           0        9857        9257
Sep 23 01:55:32 Mem:         257844      246654        1391           0        9798        9115
Sep 23 01:55:33 Mem:         257844      246762        1692           0        9389        9007
Sep 23 01:55:34 Mem:         257844      246768        1687           0        9389        9002
Sep 23 01:55:35 Mem:         257844      247065        1389           0        9389        8704
Sep 23 01:55:36 Mem:         257844      247282        1666           0        8895        8487
Sep 23 01:55:37 Mem:         257844      247531        1417           0        8895        8239
Sep 23 01:55:38 Mem:         257844      247819        1595           0        8429        7950
Sep 23 01:55:39 Mem:         257844      248117        1740           0        7987        7653
Sep 23 01:55:40 Mem:         257844      248402        1454           0        7988        7367
Sep 23 01:55:41 Mem:         257844      248662        1611           0        7570        7107
Sep 23 01:55:42 Mem:         257844      248973        1730           0        7140        6796
Sep 23 01:55:43 Mem:         257844      249279        1425           0        7140        6491
Sep 23 01:55:44 Mem:         257844      249594        1526           0        6723        6176
Sep 23 01:55:45 Mem:         257844      249950        1561           0        6333        5820
Sep 23 01:55:46 Mem:         257844      250224        1653           0        5966        5546
Sep 23 01:55:47 Mem:         257844      250286        1591           0        5966        5483
Sep 23 01:55:48 Mem:         257844      250365        1512           0        5966        5405
Sep 23 01:55:49 Mem:         257844      250458        1419           0        5966        5311
Sep 23 01:55:50 Mem:         257844      250516        1361           0        5966        5253
Sep 23 01:55:52 Mem:         257844      250552        1662           0        5630        5218
Sep 23 01:55:53 Mem:         257844      250702        1519           0        5622        5067
Sep 23 01:55:54 Mem:         257844      250857        1364           0        5622        4912
Sep 23 01:55:55 Mem:         257844      251037        1508           0        5298        4732
Sep 23 01:55:56 Mem:         257844      251238        1653           0        4952        4531
Sep 23 01:55:57 Mem:         257844      251412        1479           0        4953        4357
Sep 23 01:55:58 Mem:         257844      251619        1593           0        4631        4150
Sep 23 01:55:59 Mem:         257844      251800        1413           0        4631        3970
Sep 23 01:56:00 Mem:         257844      251979        1534           0        4331        3791
Sep 23 01:56:01 Mem:         257844      252139        1372           0        4332        3630
Sep 23 01:56:02 Mem:         257844      252286        1586           0        3971        3483
Sep 23 01:56:03 Mem:         257844      252416        1495           0        3933        3354
Sep 23 01:56:04 Mem:         257844      252538        1373           0        3933        3231
Sep 23 01:56:05 Mem:         257844      252652        1558           0        3633        3117
Sep 23 01:56:06 Mem:         257844      252763        1447           0        3633        3006
Sep 23 01:56:07 Mem:         257844      252867        1343           0        3633        2902
Sep 23 01:56:08 Mem:         257844      252962        1553           0        3329        2808
Sep 23 01:56:09 Mem:         257844      253118        1396           0        3330        2652
Sep 23 01:56:10 Mem:         257844      253183        1620           0        3040        2586
Sep 23 01:56:11 Mem:         257844      253253        1550           0        3040        2517
Sep 23 01:56:12 Mem:         257844      253322        1481           0        3040        2448
Sep 23 01:56:13 Mem:         257844      253385        1418           0        3040        2384
Sep 23 01:56:14 Mem:         257844      253414        1389           0        3040        2356
Sep 23 01:56:15 Mem:         257844      253439        1364           0        3040        2330
Sep 23 01:56:16 Mem:         257844      253462        1341           0        3040        2308
Sep 23 01:56:17 Mem:         257844      253482        1590           0        2771        2287
Sep 23 01:56:19 Mem:         257844      253509        1563           0        2772        2261
Sep 23 01:56:20 Mem:         257844      253536        1536           0        2772        2233
Sep 23 01:56:21 Mem:         257844      253554        1517           0        2772        2215
Sep 23 01:56:22 Mem:         257844      253571        1501           0        2772        2199
Sep 23 01:56:23 Mem:         257844      253588        1484           0        2772        2181
Sep 23 01:56:24 Mem:         257844      253609        1463           0        2772        2161
Sep 23 01:56:25 Mem:         257844      253620        1452           0        2772        2149
Sep 23 01:56:26 Mem:         257844      253632        1439           0        2772        2137
Sep 23 01:56:27 Mem:         257844      253644        1428           0        2772        2125
Sep 23 01:56:28 Mem:         257844      253657        1414           0        2772        2112
Sep 23 01:56:29 Mem:         257844      253670        1402           0        2772        2099
Sep 23 01:56:30 Mem:         257844      253680        1392           0        2772        2089
Sep 23 01:56:31 Mem:         257844      253689        1383           0        2772        2080
Sep 23 01:56:32 Mem:         257844      253693        1379           0        2772        2076
Sep 23 01:56:33 Mem:         257844      253700        1372           0        2772        2069
Sep 23 01:56:34 Mem:         257844      253705        1367           0        2772        2064
Sep 23 01:56:35 Mem:         257844      253710        1362           0        2772        2059
Sep 23 01:56:36 Mem:         257844      253715        1357           0        2772        2054
Sep 23 01:56:37 Mem:         257844      253719        1353           0        2772        2050
Sep 23 01:56:42 Mem:         257844      255297        2204           0         342         789
Sep 23 01:56:43 Mem:         257844         950      256546           0         347      255134
Sep 23 01:56:44 Mem:         257844         951      256543           0         349      255132
Sep 23 01:56:45 Mem:         257844         951      256543           0         349      255132
Sep 23 01:56:46 Mem:         257844         952      256542           0         349      255131
Sep 23 01:56:47 Mem:         257844         952      256541           0         349      255131
Sep 23 01:56:48 Mem:         257844         953      256541           0         349      255131
Sep 23 01:56:50 Mem:         257844         953      256541           0         349      255131
Sep 23 01:56:51 Mem:         257844         953      256541           0         349      255131
Sep 23 01:56:52 Mem:         257844         953      256540           0         349      255130
Sep 23 01:56:53 Mem:         257844         954      256540           0         350      255129
Sep 23 01:56:54 Mem:         257844         954      256540           0         350      255129
Sep 23 01:56:55 Mem:         257844         955      256539           0         350      255129
Sep 23 01:56:56 Mem:         257844         954      256540           0         350      255129
Sep 23 01:56:57 Mem:         257844         955      256539           0         350      255129
Sep 23 01:56:58 Mem:         257844         955      256539           0         350      255129
Sep 23 01:56:59 Mem:         257844         955      256539           0         350      255129
Sep 23 01:57:00 Mem:         257844         955      256539           0         350      255128
