#          date   pid user      pr  ni    virt    res    shr s   cpu   mem     time+ command
Sep 23 01:50:09 16949 root      20   0  242,1g 232,9g  19568 S 100,4  92,5 350:40.98 java
Sep 23 01:50:19 16949 root      20   0  242,1g 232,9g  19568 S 100,6  92,5 350:51.06 java
Sep 23 01:50:29 16949 root      20   0  242,1g 232,9g  19568 S 100,5  92,5 351:01.13 java
Sep 23 01:50:39 16949 root      20   0  242,1g 232,9g  19568 S 100,6  92,5 351:11.21 java
Sep 23 01:50:49 16949 root      20   0  242,1g 232,9g  19568 S 100,7  92,5 351:21.29 java
Sep 23 01:50:59 16949 root      20   0  242,1g 232,9g  19568 S 100,6  92,5 351:31.37 java
Sep 23 01:51:09 16949 root      20   0  242,1g 232,9g  19568 S 100,7  92,5 351:41.46 java
Sep 23 01:51:19 16949 root      20   0  242,1g 232,9g  19568 S 100,7  92,5 351:51.55 java
Sep 23 01:51:29 16949 root      20   0  242,1g 232,9g  19568 S 100,9  92,5 352:01.65 java
Sep 23 01:51:39 16949 root      20   0  242,1g 232,9g  19568 S 100,8  92,5 352:11.75 java
Sep 23 01:51:49 16949 root      20   0  242,1g 232,9g  19568 S 100,9  92,5 352:21.86 java
Sep 23 01:51:59 16949 root      20   0  242,1g 232,9g  19568 S 100,9  92,5 352:31.97 java
Sep 23 01:52:09 16949 root      20   0  242,1g 232,9g  19568 S 100,9  92,5 352:42.07 java
Sep 23 01:52:19 16949 root      20   0  242,1g 232,9g  19568 S 102,5  92,5 352:52.34 java
Sep 23 01:52:29 16949 root      20   0  242,1g 232,9g  18944 S 101,9  92,5 353:02.55 java
Sep 23 01:52:39 16949 root      20   0  242,1g 232,9g  18944 S  25,2  92,5 353:05.07 java
Sep 23 01:52:49 16949 root      20   0  242,2g 232,9g  19372 S 208,7  92,5 353:25.98 java
Sep 23 01:52:59 16949 root      20   0  242,3g 233,1g  20132 S 716,7  92,6 354:37.79 java
Sep 23 01:53:09 16949 root      20   0  242,4g 233,7g  20132 S 824,3  92,8 356:00.30 java
Sep 23 01:53:19 16949 root      20   0  242,4g 234,4g  20132 S  1070  93,1 357:47.36 java
Sep 23 01:53:29 16949 root      20   0  242,5g 235,0g  20132 S 979,5  93,3 359:25.41 java
Sep 23 01:53:39 16949 root      20   0  242,5g 235,7g  20132 S 945,4  93,6 361:00.14 java
Sep 23 01:53:49 16949 root      20   0  242,5g 235,7g  20132 S  1016  93,6 362:41.80 java
Sep 23 01:53:59 16949 root      20   0  242,5g 235,7g  20132 S 998,8  93,6 364:21.88 java
Sep 23 01:54:09 16949 root      20   0  242,5g 235,7g  20132 S  1093  93,6 366:11.31 java
Sep 23 01:54:19 16949 root      20   0  242,5g 235,7g  20132 S  1095  93,6 368:00.90 java
Sep 23 01:54:29 16949 root      20   0  242,5g 235,7g  20132 S  1066  93,6 369:47.63 java
Sep 23 01:54:39 16949 root      20   0  242,5g 235,7g  20132 S  1100  93,6 371:37.71 java
Sep 23 01:54:49 16949 root      20   0  242,5g 235,7g  20132 S  1069  93,6 373:24.80 java
Sep 23 01:54:59 16949 root      20   0  242,5g 235,7g  20132 S  1038  93,6 375:08.69 java
Sep 23 01:55:10 16949 root      20   0  242,5g 235,9g  20132 S  1079  93,7 376:56.72 java
Sep 23 01:55:20 16949 root      20   0  243,4g 237,0g  20128 S 925,1  94,1 378:29.42 java
Sep 23 01:55:30 16949 root      20   0  245,4g 239,3g  20124 S 772,2  95,0 379:46.72 java
Sep 23 01:55:40 16949 root      20   0  247,2g 241,0g  20152 S 865,5  95,7 381:13.36 java
Sep 23 01:55:50 16949 root      20   0  249,4g 243,2g  20076 S 856,8  96,6 382:39.13 java
Sep 23 01:56:00 16949 root      20   0  250,8g 244,6g  20020 S 811,7  97,2 384:00.38 java
Sep 23 01:56:10 16949 root      20   0  252,0g 245,8g  19976 S 800,0  97,6 385:20.54 java
Sep 23 01:56:20 16949 root      20   0  252,3g 246,2g  19976 S 827,8  97,8 386:43.40 java
Sep 23 01:56:30 16949 root      20   0  252,4g 246,3g  19976 S 702,0  97,8 387:53.67 java
Sep 23 01:56:42 16949 root      20   0       0      0      0 Z 500,0   0,0 389:31.29 java
